\BOOKMARK [2][]{Outline0.1}{A simple scene}{}% 1
\BOOKMARK [2][]{Outline0.2}{Textures and UV mapping}{}% 2
\BOOKMARK [2][]{Outline0.3}{2D and 3D mapping}{}% 3
\BOOKMARK [2][]{Outline0.4}{A simple scene}{}% 4
\BOOKMARK [2][]{Outline0.5}{Shadows}{}% 5
\BOOKMARK [2][]{Outline0.6}{False Self-intersections}{}% 6
\BOOKMARK [2][]{Outline0.7}{Noise texture}{}% 7
\BOOKMARK [2][]{Outline0.8}{Alternate scene}{}% 8
\BOOKMARK [2][]{Outline0.9}{Noise texture bumpmapped}{}% 9
\BOOKMARK [2][]{Outline0.10}{Aliasing}{}% 10
\BOOKMARK [2][]{Outline0.11}{Aliasing in the simple scene}{}% 11
\BOOKMARK [2][]{Outline0.12}{Reflections: Whitted Raytracing}{}% 12
\BOOKMARK [2][]{Outline0.13}{Reflections: Recursion Limit}{}% 13
\BOOKMARK [2][]{Outline0.14}{Reflections: Recursion Limit}{}% 14
\BOOKMARK [2][]{Outline0.15}{Reflections: Recursion Limit}{}% 15
\BOOKMARK [2][]{Outline0.16}{Reflections: Recursion Limit}{}% 16
\BOOKMARK [2][]{Outline0.17}{Reflections: Recursion Limit}{}% 17
\BOOKMARK [2][]{Outline0.18}{Reflections: Recursion Limit}{}% 18
\BOOKMARK [2][]{Outline0.19}{Reflections: Recursion Limit}{}% 19
\BOOKMARK [2][]{Outline0.20}{Refractions: Whitted Raytracing}{}% 20
\BOOKMARK [2][]{Outline0.21}{The Ray Tree}{}% 21
\BOOKMARK [2][]{Outline0.22}{Speeding up ray tracing}{}% 22
\BOOKMARK [2][]{Outline0.23}{Readings}{}% 23
