\BOOKMARK [2][]{Outline0.1}{Many things can be done with just spheres}{}% 1
\BOOKMARK [2][]{Outline0.2}{Many things can be done with just spheres}{}% 2
\BOOKMARK [2][]{Outline0.3}{Many things can be done with just spheres}{}% 3
\BOOKMARK [2][]{Outline0.4}{Many things can be done with just spheres}{}% 4
\BOOKMARK [2][]{Outline0.5}{Random spheres}{}% 5
\BOOKMARK [2][]{Outline0.6}{Fog: depth cueing with distance}{}% 6
\BOOKMARK [2][]{Outline0.7}{Colored Fog for Effects}{}% 7
\BOOKMARK [2][]{Outline0.8}{George de La Tour, St. Joseph}{}% 8
\BOOKMARK [2][]{Outline0.9}{Gerrit Van Honthorst, de Koppelaarster}{}% 9
\BOOKMARK [2][]{Outline0.10}{Rembrandt World}{}% 10
\BOOKMARK [2][]{Outline0.11}{It would be nice to have some shapes other than spheres.}{}% 11
\BOOKMARK [2][]{Outline0.12}{Intersecting a ray and a plane}{}% 12
\BOOKMARK [2][]{Outline0.13}{Intersecting a ray and a plane}{}% 13
\BOOKMARK [2][]{Outline0.14}{Intersecting a ray and a plane}{}% 14
\BOOKMARK [2][]{Outline0.15}{Intersecting a ray and a plane}{}% 15
\BOOKMARK [2][]{Outline0.16}{Intersecting a ray and a plane}{}% 16
\BOOKMARK [2][]{Outline0.17}{Intersecting a ray and a plane}{}% 17
\BOOKMARK [2][]{Outline0.18}{Intersecting a ray and a plane}{}% 18
\BOOKMARK [2][]{Outline0.19}{Intersecting a ray and a plane}{}% 19
\BOOKMARK [2][]{Outline0.20}{Plane delimited shapes}{}% 20
\BOOKMARK [2][]{Outline0.21}{Plane delimited shapes}{}% 21
\BOOKMARK [2][]{Outline0.22}{Further Reading}{}% 22
