\BOOKMARK [2][]{Outline0.1}{Online Resources}{}% 1
\BOOKMARK [2][]{Outline0.2}{Simple Orthogonal Projection}{}% 2
\BOOKMARK [2][]{Outline0.3}{Simple Orthogonal Projection}{}% 3
\BOOKMARK [2][]{Outline0.4}{Simple Orthogonal Projection}{}% 4
\BOOKMARK [2][]{Outline0.5}{Simple Orthogonal Projection}{}% 5
\BOOKMARK [2][]{Outline0.6}{Simple Perspective Projection}{}% 6
\BOOKMARK [2][]{Outline0.7}{Simple Perspective Projection}{}% 7
\BOOKMARK [2][]{Outline0.8}{Simple Perspective Projection}{}% 8
\BOOKMARK [2][]{Outline0.9}{Simple Perspective Projection}{}% 9
\BOOKMARK [2][]{Outline0.10}{Simple Perspective Projection}{}% 10
\BOOKMARK [2][]{Outline0.11}{Simple Perspective Projection}{}% 11
\BOOKMARK [2][]{Outline0.12}{Simple Perspective Projection}{}% 12
\BOOKMARK [2][]{Outline0.13}{Problems projecting onto z=-d plane.}{}% 13
\BOOKMARK [2][]{Outline0.14}{Problems projecting onto z=-d plane.}{}% 14
\BOOKMARK [2][]{Outline0.15}{Problems projecting onto z=-d plane.}{}% 15
\BOOKMARK [2][]{Outline0.16}{Problems projecting onto z=-d plane.}{}% 16
\BOOKMARK [2][]{Outline0.17}{Linear mapping between frames, one dimension}{}% 17
\BOOKMARK [2][]{Outline0.18}{Linear mapping between frames, three dimensions}{}% 18
\BOOKMARK [2][]{Outline0.19}{Orthographic Projection in OpenGL}{}% 19
\BOOKMARK [2][]{Outline0.20}{Orthographic Projection in OpenGL}{}% 20
\BOOKMARK [2][]{Outline0.21}{Orthographic Projection in OpenGL}{}% 21
\BOOKMARK [2][]{Outline0.22}{Orthographic Projection in OpenGL}{}% 22
\BOOKMARK [2][]{Outline0.23}{Projective Transforms in OpenGL}{}% 23
\BOOKMARK [2][]{Outline0.24}{Projective Transforms in OpenGL}{}% 24
\BOOKMARK [2][]{Outline0.25}{Projective Transforms in OpenGL}{}% 25
\BOOKMARK [2][]{Outline0.26}{Projective Transforms in OpenGL}{}% 26
\BOOKMARK [2][]{Outline0.27}{Projective Transforms in OpenGL}{}% 27
\BOOKMARK [2][]{Outline0.28}{Projective Transforms in OpenGL}{}% 28
\BOOKMARK [2][]{Outline0.29}{Projective Transforms in OpenGL}{}% 29
\BOOKMARK [2][]{Outline0.30}{Projective Transforms in OpenGL}{}% 30
\BOOKMARK [2][]{Outline0.31}{Projective Transforms in OpenGL}{}% 31
\BOOKMARK [2][]{Outline0.32}{Projective Transforms in OpenGL}{}% 32
\BOOKMARK [2][]{Outline0.33}{Z fighting in OpenGL}{}% 33
