\BOOKMARK [2][]{Outline0.1}{Online Resources}{}% 1
\BOOKMARK [2][]{Outline0.2}{Points in space}{}% 2
\BOOKMARK [2][]{Outline0.3}{Vectors}{}% 3
\BOOKMARK [2][]{Outline0.4}{Points vs. Vectors}{}% 4
\BOOKMARK [2][]{Outline0.5}{Vector Addition}{}% 5
\BOOKMARK [2][]{Outline0.6}{Vectors do not have positions}{}% 6
\BOOKMARK [2][]{Outline0.7}{Vectors multiplied by scalars}{}% 7
\BOOKMARK [2][]{Outline0.8}{Lines defined by point and vector}{}% 8
\BOOKMARK [2][]{Outline0.9}{Planes defined by point and two vectors}{}% 9
\BOOKMARK [2][]{Outline0.10}{Frames}{}% 10
\BOOKMARK [2][]{Outline0.11}{Affine sums of vectors}{}% 11
\BOOKMARK [2][]{Outline0.12}{Affine sums of vectors}{}% 12
\BOOKMARK [2][]{Outline0.13}{Trigonometry}{}% 13
\BOOKMARK [2][]{Outline0.14}{More Trigonometry}{}% 14
\BOOKMARK [2][]{Outline0.15}{Dot product}{}% 15
\BOOKMARK [2][]{Outline0.16}{Projection of one vector on another}{}% 16
\BOOKMARK [2][]{Outline0.17}{Same direction, opposite direction}{}% 17
\BOOKMARK [2][]{Outline0.18}{AMAZING theorem about the dot product.}{}% 18
\BOOKMARK [2][]{Outline0.19}{Example use of dot product: reflected ray}{}% 19
\BOOKMARK [2][]{Outline0.20}{Reflected ray}{}% 20
\BOOKMARK [2][]{Outline0.21}{Example use of the dot product}{}% 21
\BOOKMARK [2][]{Outline0.22}{How far away is the wall?}{}% 22
\BOOKMARK [2][]{Outline0.23}{How far away is the wall?}{}% 23
\BOOKMARK [2][]{Outline0.24}{How far away is the wall?}{}% 24
