\BOOKMARK [2][]{Outline0.1}{Online Resources}{}% 1
\BOOKMARK [2][]{Outline0.2}{Matrices}{}% 2
\BOOKMARK [2][]{Outline0.3}{Matrix addition, subtraction, multiplication}{}% 3
\BOOKMARK [2][]{Outline0.4}{Multiplication is not commutative! MN =NM}{}% 4
\BOOKMARK [2][]{Outline0.5}{Mathematical Vectors}{}% 5
\BOOKMARK [2][]{Outline0.6}{Matrices as transforms}{}% 6
\BOOKMARK [2][]{Outline0.7}{Matrix inverses}{}% 7
\BOOKMARK [2][]{Outline0.8}{Determinant of a matrix}{}% 8
\BOOKMARK [2][]{Outline0.9}{Determinant of a matrix}{}% 9
\BOOKMARK [2][]{Outline0.10}{Inverse of a matrix}{}% 10
\BOOKMARK [2][]{Outline0.11}{Points in Space}{}% 11
\BOOKMARK [2][]{Outline0.12}{Points in a Coordinate System}{}% 12
\BOOKMARK [2][]{Outline0.13}{Different Coordinates}{}% 13
\BOOKMARK [2][]{Outline0.14}{Physical vectors are differences between points.}{}% 14
\BOOKMARK [2][]{Outline0.15}{Points and vectors are not the same thing!}{}% 15
\BOOKMARK [2][]{Outline0.16}{Vector Addition}{}% 16
\BOOKMARK [2][]{Outline0.17}{Coordinates give mathematical vectors for physical vectors.}{}% 17
\BOOKMARK [2][]{Outline0.18}{Vectors do not have positions}{}% 18
\BOOKMARK [2][]{Outline0.19}{Vectors can be multiplied by scalars}{}% 19
\BOOKMARK [2][]{Outline0.20}{Lines}{}% 20
\BOOKMARK [2][]{Outline0.21}{Planes \(in 3 dimensions\)}{}% 21
\BOOKMARK [2][]{Outline0.22}{Affine sums}{}% 22
\BOOKMARK [2][]{Outline0.23}{Convex hull}{}% 23
\BOOKMARK [2][]{Outline0.24}{Frames}{}% 24
\BOOKMARK [2][]{Outline0.25}{Frames}{}% 25
\BOOKMARK [2][]{Outline0.26}{Frames}{}% 26
\BOOKMARK [2][]{Outline0.27}{Trigonometry}{}% 27
\BOOKMARK [2][]{Outline0.28}{Trigonometry}{}% 28
\BOOKMARK [2][]{Outline0.29}{Trigonometry}{}% 29
\BOOKMARK [2][]{Outline0.30}{Dot product \(Inner product\)}{}% 30
\BOOKMARK [2][]{Outline0.31}{Projection of one vector on another}{}% 31
\BOOKMARK [2][]{Outline0.32}{Projection of one vector on another}{}% 32
\BOOKMARK [2][]{Outline0.33}{Same direction, opposite direction}{}% 33
\BOOKMARK [2][]{Outline0.34}{Same direction, opposite direction}{}% 34
\BOOKMARK [2][]{Outline0.35}{AMAZING theorem about the dot product.}{}% 35
\BOOKMARK [2][]{Outline0.36}{Example use of the dot product}{}% 36
\BOOKMARK [2][]{Outline0.37}{How far away is the wall?}{}% 37
\BOOKMARK [2][]{Outline0.38}{How far away is the wall?}{}% 38
\BOOKMARK [2][]{Outline0.39}{How far away is the wall?}{}% 39
\BOOKMARK [2][]{Outline0.40}{Cross product \(vector product\)}{}% 40
